yarn run v1.22.22
$ storybook build --stats-json --output-dir=/var/folders/wh/byd2skds2y7dqs344hdxn2z80000gn/T/chromatic--45852-Yd3CKC7Ueyf9
[1m@storybook/core v8.6.12
[22m
info => Cleaning outputDir: [36m../../../../../../var/folders/wh/byd2skds2y7dqs344hdxn2z80000gn/T/chromatic--45852-Yd3CKC7Ueyf9[39m
info => Loading presets
info => Building manager..
info => Manager built ([38;2;181;126;229m105 ms[39m)
info => Building preview..
WARN No story files found for the specified pattern: [34msrc/**/*.mdx[39m
info Using tsconfig paths for react-docgen
[36mvite v5.4.19 [32mbuilding for production...[36m[39m
transforming...
[32m✓[39m 496 modules transformed.
rendering chunks...
computing gzip size...
[2m../../../../../../var/folders/wh/byd2skds2y7dqs344hdxn2z80000gn/T/chromatic--45852-Yd3CKC7Ueyf9/[22m[32miframe.html                               [39m[1m[2m 17.75 kB[22m[1m[22m[2m │ gzip:   5.00 kB[22m
[2m../../../../../../var/folders/wh/byd2skds2y7dqs344hdxn2z80000gn/T/chromatic--45852-Yd3CKC7Ueyf9/[22m[2massets/[22m[35mAccordion-DLXaen-A.css             [39m[1m[2m  0.55 kB[22m[1m[22m[2m │ gzip:   0.30 kB[22m
[2m../../../../../../var/folders/wh/byd2skds2y7dqs344hdxn2z80000gn/T/chromatic--45852-Yd3CKC7Ueyf9/[22m[2massets/[22m[35mModal-CqengAGc.css                 [39m[1m[2m  0.95 kB[22m[1m[22m[2m │ gzip:   0.47 kB[22m
[2m../../../../../../var/folders/wh/byd2skds2y7dqs344hdxn2z80000gn/T/chromatic--45852-Yd3CKC7Ueyf9/[22m[2massets/[22m[35mInput-DR_BnJiZ.css                 [39m[1m[2m  1.48 kB[22m[1m[22m[2m │ gzip:   0.56 kB[22m
[2m../../../../../../var/folders/wh/byd2skds2y7dqs344hdxn2z80000gn/T/chromatic--45852-Yd3CKC7Ueyf9/[22m[2massets/[22m[35mAlert-8Gu3eASg.css                 [39m[1m[2m  1.50 kB[22m[1m[22m[2m │ gzip:   0.53 kB[22m
[2m../../../../../../var/folders/wh/byd2skds2y7dqs344hdxn2z80000gn/T/chromatic--45852-Yd3CKC7Ueyf9/[22m[2massets/[22m[35mButton-CvC53gVx.css                [39m[1m[2m  1.89 kB[22m[1m[22m[2m │ gzip:   0.51 kB[22m
[2m../../../../../../var/folders/wh/byd2skds2y7dqs344hdxn2z80000gn/T/chromatic--45852-Yd3CKC7Ueyf9/[22m[2massets/[22m[35mpreview-Bj8mmfbD.css               [39m[1m[2m  2.87 kB[22m[1m[22m[2m │ gzip:   0.94 kB[22m
[2m../../../../../../var/folders/wh/byd2skds2y7dqs344hdxn2z80000gn/T/chromatic--45852-Yd3CKC7Ueyf9/[22m[2massets/[22m[36mpreview-CZCjg9jb.js                [39m[1m[2m  0.13 kB[22m[1m[22m[2m │ gzip:   0.13 kB[22m
[2m../../../../../../var/folders/wh/byd2skds2y7dqs344hdxn2z80000gn/T/chromatic--45852-Yd3CKC7Ueyf9/[22m[2massets/[22m[36mpreview-Bp_NJmCi.js                [39m[1m[2m  0.17 kB[22m[1m[22m[2m │ gzip:   0.16 kB[22m
[2m../../../../../../var/folders/wh/byd2skds2y7dqs344hdxn2z80000gn/T/chromatic--45852-Yd3CKC7Ueyf9/[22m[2massets/[22m[36mpreview-CvbIS5ZJ.js                [39m[1m[2m  0.18 kB[22m[1m[22m[2m │ gzip:   0.16 kB[22m
[2m../../../../../../var/folders/wh/byd2skds2y7dqs344hdxn2z80000gn/T/chromatic--45852-Yd3CKC7Ueyf9/[22m[2massets/[22m[36mindex-ChEI-nsM.js                  [39m[1m[2m  0.42 kB[22m[1m[22m[2m │ gzip:   0.27 kB[22m
[2m../../../../../../var/folders/wh/byd2skds2y7dqs344hdxn2z80000gn/T/chromatic--45852-Yd3CKC7Ueyf9/[22m[2massets/[22m[36mButton.stories-DDJYCYxm.js         [39m[1m[2m  0.66 kB[22m[1m[22m[2m │ gzip:   0.39 kB[22m
[2m../../../../../../var/folders/wh/byd2skds2y7dqs344hdxn2z80000gn/T/chromatic--45852-Yd3CKC7Ueyf9/[22m[2massets/[22m[36mchunk-XP5HYGXS-BpfKkqn7.js         [39m[1m[2m  0.71 kB[22m[1m[22m[2m │ gzip:   0.40 kB[22m
[2m../../../../../../var/folders/wh/byd2skds2y7dqs344hdxn2z80000gn/T/chromatic--45852-Yd3CKC7Ueyf9/[22m[2massets/[22m[36mpreview-DGUiP6tS.js                [39m[1m[2m  0.71 kB[22m[1m[22m[2m │ gzip:   0.50 kB[22m
[2m../../../../../../var/folders/wh/byd2skds2y7dqs344hdxn2z80000gn/T/chromatic--45852-Yd3CKC7Ueyf9/[22m[2massets/[22m[36mindex-DrFu-skq.js                  [39m[1m[2m  0.77 kB[22m[1m[22m[2m │ gzip:   0.47 kB[22m
[2m../../../../../../var/folders/wh/byd2skds2y7dqs344hdxn2z80000gn/T/chromatic--45852-Yd3CKC7Ueyf9/[22m[2massets/[22m[36mreact-18-DUrWLgmb.js               [39m[1m[2m  0.80 kB[22m[1m[22m[2m │ gzip:   0.47 kB[22m
[2m../../../../../../var/folders/wh/byd2skds2y7dqs344hdxn2z80000gn/T/chromatic--45852-Yd3CKC7Ueyf9/[22m[2massets/[22m[36mpreview-CYQymrEQ.js                [39m[1m[2m  0.89 kB[22m[1m[22m[2m │ gzip:   0.57 kB[22m
[2m../../../../../../var/folders/wh/byd2skds2y7dqs344hdxn2z80000gn/T/chromatic--45852-Yd3CKC7Ueyf9/[22m[2massets/[22m[36mjsx-runtime-DiklIkkE.js            [39m[1m[2m  0.92 kB[22m[1m[22m[2m │ gzip:   0.58 kB[22m
[2m../../../../../../var/folders/wh/byd2skds2y7dqs344hdxn2z80000gn/T/chromatic--45852-Yd3CKC7Ueyf9/[22m[2massets/[22m[36mButton-vHcK20R4.js                 [39m[1m[2m  2.10 kB[22m[1m[22m[2m │ gzip:   0.85 kB[22m
[2m../../../../../../var/folders/wh/byd2skds2y7dqs344hdxn2z80000gn/T/chromatic--45852-Yd3CKC7Ueyf9/[22m[2massets/[22m[36mInput.stories-PywaleDY.js          [39m[1m[2m  2.20 kB[22m[1m[22m[2m │ gzip:   0.94 kB[22m
[2m../../../../../../var/folders/wh/byd2skds2y7dqs344hdxn2z80000gn/T/chromatic--45852-Yd3CKC7Ueyf9/[22m[2massets/[22m[36mAccordion.stories-CqgbMK0c.js      [39m[1m[2m  2.25 kB[22m[1m[22m[2m │ gzip:   0.94 kB[22m
[2m../../../../../../var/folders/wh/byd2skds2y7dqs344hdxn2z80000gn/T/chromatic--45852-Yd3CKC7Ueyf9/[22m[2massets/[22m[36mindex-C-_rqb_g.js                  [39m[1m[2m  3.18 kB[22m[1m[22m[2m │ gzip:   1.54 kB[22m
[2m../../../../../../var/folders/wh/byd2skds2y7dqs344hdxn2z80000gn/T/chromatic--45852-Yd3CKC7Ueyf9/[22m[2massets/[22m[36mpreview-DD_OYowb.js                [39m[1m[2m  3.51 kB[22m[1m[22m[2m │ gzip:   1.69 kB[22m
[2m../../../../../../var/folders/wh/byd2skds2y7dqs344hdxn2z80000gn/T/chromatic--45852-Yd3CKC7Ueyf9/[22m[2massets/[22m[36mpreview-B8lJiyuQ.js                [39m[1m[2m  5.06 kB[22m[1m[22m[2m │ gzip:   1.88 kB[22m
[2m../../../../../../var/folders/wh/byd2skds2y7dqs344hdxn2z80000gn/T/chromatic--45852-Yd3CKC7Ueyf9/[22m[2massets/[22m[36mAlert.stories-Dwh37gid.js          [39m[1m[2m  5.36 kB[22m[1m[22m[2m │ gzip:   1.77 kB[22m
[2m../../../../../../var/folders/wh/byd2skds2y7dqs344hdxn2z80000gn/T/chromatic--45852-Yd3CKC7Ueyf9/[22m[2massets/[22m[36mModal.stories-B1NlqV10.js          [39m[1m[2m  6.25 kB[22m[1m[22m[2m │ gzip:   1.98 kB[22m
[2m../../../../../../var/folders/wh/byd2skds2y7dqs344hdxn2z80000gn/T/chromatic--45852-Yd3CKC7Ueyf9/[22m[2massets/[22m[36mindex-DRjF_FHU.js                  [39m[1m[2m  7.35 kB[22m[1m[22m[2m │ gzip:   2.96 kB[22m
[2m../../../../../../var/folders/wh/byd2skds2y7dqs344hdxn2z80000gn/T/chromatic--45852-Yd3CKC7Ueyf9/[22m[2massets/[22m[36mpreview-BWzBA1C2.js                [39m[1m[2m  7.62 kB[22m[1m[22m[2m │ gzip:   1.56 kB[22m
[2m../../../../../../var/folders/wh/byd2skds2y7dqs344hdxn2z80000gn/T/chromatic--45852-Yd3CKC7Ueyf9/[22m[2massets/[22m[36mpreview-BBWR9nbA.js                [39m[1m[2m  8.12 kB[22m[1m[22m[2m │ gzip:   3.10 kB[22m
[2m../../../../../../var/folders/wh/byd2skds2y7dqs344hdxn2z80000gn/T/chromatic--45852-Yd3CKC7Ueyf9/[22m[2massets/[22m[36mtest-utils-BUPohYjV.js             [39m[1m[2m 12.94 kB[22m[1m[22m[2m │ gzip:   5.03 kB[22m
[2m../../../../../../var/folders/wh/byd2skds2y7dqs344hdxn2z80000gn/T/chromatic--45852-Yd3CKC7Ueyf9/[22m[2massets/[22m[36mColor-YHDXOIA2-BpCU_ArS.js         [39m[1m[2m 29.34 kB[22m[1m[22m[2m │ gzip:  11.05 kB[22m
[2m../../../../../../var/folders/wh/byd2skds2y7dqs344hdxn2z80000gn/T/chromatic--45852-Yd3CKC7Ueyf9/[22m[2massets/[22m[36mentry-preview-DLoAKkgU.js          [39m[1m[2m 29.76 kB[22m[1m[22m[2m │ gzip:   9.52 kB[22m
[2m../../../../../../var/folders/wh/byd2skds2y7dqs344hdxn2z80000gn/T/chromatic--45852-Yd3CKC7Ueyf9/[22m[2massets/[22m[36mindex-FTTXbSiM.js                  [39m[1m[2m 53.72 kB[22m[1m[22m[2m │ gzip:  15.55 kB[22m
[2m../../../../../../var/folders/wh/byd2skds2y7dqs344hdxn2z80000gn/T/chromatic--45852-Yd3CKC7Ueyf9/[22m[2massets/[22m[36mproxy-DQroGNPG.js                  [39m[1m[2m111.55 kB[22m[1m[22m[2m │ gzip:  36.96 kB[22m
[2m../../../../../../var/folders/wh/byd2skds2y7dqs344hdxn2z80000gn/T/chromatic--45852-Yd3CKC7Ueyf9/[22m[2massets/[22m[36mindex-Bx0Ph3cE.js                  [39m[1m[2m133.96 kB[22m[1m[22m[2m │ gzip:  43.14 kB[22m
[2m../../../../../../var/folders/wh/byd2skds2y7dqs344hdxn2z80000gn/T/chromatic--45852-Yd3CKC7Ueyf9/[22m[2massets/[22m[36miframe-Dt3gF3_D.js                 [39m[1m[2m208.77 kB[22m[1m[22m[2m │ gzip:  71.93 kB[22m
[2m../../../../../../var/folders/wh/byd2skds2y7dqs344hdxn2z80000gn/T/chromatic--45852-Yd3CKC7Ueyf9/[22m[2massets/[22m[36mentry-preview-docs-DJtt7OkJ.js     [39m[1m[2m244.67 kB[22m[1m[22m[2m │ gzip:  73.42 kB[22m
[2m../../../../../../var/folders/wh/byd2skds2y7dqs344hdxn2z80000gn/T/chromatic--45852-Yd3CKC7Ueyf9/[22m[2massets/[22m[36mindex-Ci6h_Amb.js                  [39m[1m[33m662.07 kB[39m[22m[2m │ gzip: 156.67 kB[22m
[2m../../../../../../var/folders/wh/byd2skds2y7dqs344hdxn2z80000gn/T/chromatic--45852-Yd3CKC7Ueyf9/[22m[2massets/[22m[36mDocsRenderer-CFRXHY34-DoHfS1Sc.js  [39m[1m[33m878.94 kB[39m[22m[2m │ gzip: 274.59 kB[22m
[32m✓ built in 2.94s[39m
info => Preview built ([38;2;181;126;229m3.46 s[39m)
info => preview stats written to [36m/var/folders/wh/byd2skds2y7dqs344hdxn2z80000gn/T/chromatic--45852-Yd3CKC7Ueyf9/preview-stats.json[39m
info => Output directory: /var/folders/wh/byd2skds2y7dqs344hdxn2z80000gn/T/chromatic--45852-Yd3CKC7Ueyf9
Done in 5.08s.
